[NotebookApp | WARNING] No nbgrader_config.py file found (rerun with --debug to see where nbgrader is looking)
[NotebookApp | INFO] Loading the validate_assignment nbgrader serverextension
[NotebookApp | INFO] Serving notebooks from local directory: /Users/Dan/OneDrive - University of Warwick/CH160_CodingKS/2019_2020/CH160
[NotebookApp | INFO] The Jupyter Notebook is running at:
[NotebookApp | INFO] http://localhost:8888/?token=4dd4d465bebcb21854ed918e6cfc784cc2e67ca59caca61d
[NotebookApp | INFO]  or http://127.0.0.1:8888/?token=4dd4d465bebcb21854ed918e6cfc784cc2e67ca59caca61d
[NotebookApp | INFO] Use Control-C to stop this server and shut down all kernels (twice to skip confirmation).
[NotebookApp | CRITICAL] 
    
    To access the notebook, open this file in a browser:
        file:///Users/Dan/Library/Jupyter/runtime/nbserver-29284-open.html
    Or copy and paste one of these URLs:
        http://localhost:8888/?token=4dd4d465bebcb21854ed918e6cfc784cc2e67ca59caca61d
     or http://127.0.0.1:8888/?token=4dd4d465bebcb21854ed918e6cfc784cc2e67ca59caca61d
[NotebookApp | WARNING] Notebook Introduction_to_Python_1.ipynb is not trusted
[NotebookApp | INFO] 302 GET /notebooks/STUFF/wet_chemistry.jpg (::1) 1.19ms
[NotebookApp | INFO] 302 GET /notebooks/STUFF/geek.jpg (::1) 1.31ms
[NotebookApp | INFO] 302 GET /notebooks/STUFF/d_design.png (::1) 3.66ms
[NotebookApp | INFO] 302 GET /notebooks/STUFF/data_coding.jpg (::1) 1.87ms
[NotebookApp | INFO] 302 GET /notebooks/STUFF/jn_logo.png (::1) 1.23ms
[NotebookApp | INFO] 302 GET /notebooks/STUFF/python_logo.png (::1) 1.07ms
[NotebookApp | INFO] 302 GET /notebooks/STUFF/winter.jpg (::1) 2.93ms
[NotebookApp | INFO] 302 GET /notebooks/STUFF/google.png (::1) 1.12ms
[NotebookApp | INFO] Kernel started: 3beaecd2-ae6d-4550-932d-eafad2399abd
[NotebookApp | WARNING] 404 GET /apple-touch-icon-precomposed.png (::1) 18.84ms referer=None
[NotebookApp | WARNING] 404 GET /apple-touch-icon.png (::1) 6.71ms referer=None
[NotebookApp | INFO] Saving file at /Introduction_to_Python_1.ipynb
[NotebookApp | WARNING] Notebook Introduction_to_Python_1.ipynb is not trusted
[NotebookApp | INFO] Saving file at /Introduction_to_Python_1.ipynb
[NotebookApp | INFO] Starting buffering for 3beaecd2-ae6d-4550-932d-eafad2399abd:63e73e60113b4b179f01eb3f8cf26992
[NotebookApp | INFO] interrupted
[NotebookApp | CRITICAL] Shutdown confirmed
[NotebookApp | INFO] Shutting down 1 kernel
[NotebookApp | INFO] Kernel shutdown: 3beaecd2-ae6d-4550-932d-eafad2399abd
[NotebookApp | WARNING] No nbgrader_config.py file found (rerun with --debug to see where nbgrader is looking)
[NotebookApp | INFO] Loading the validate_assignment nbgrader serverextension
[NotebookApp | INFO] Serving notebooks from local directory: /Users/Dan/OneDrive - University of Warwick/CH160_CodingKS/2019_2020/CH160
[NotebookApp | INFO] The Jupyter Notebook is running at:
[NotebookApp | INFO] http://localhost:8888/?token=10dfc736a768c497e9f48378656b9f322eae3e3bea9adffb
[NotebookApp | INFO]  or http://127.0.0.1:8888/?token=10dfc736a768c497e9f48378656b9f322eae3e3bea9adffb
[NotebookApp | INFO] Use Control-C to stop this server and shut down all kernels (twice to skip confirmation).
[NotebookApp | CRITICAL] 
    
    To access the notebook, open this file in a browser:
        file:///Users/Dan/Library/Jupyter/runtime/nbserver-4712-open.html
    Or copy and paste one of these URLs:
        http://localhost:8888/?token=10dfc736a768c497e9f48378656b9f322eae3e3bea9adffb
     or http://127.0.0.1:8888/?token=10dfc736a768c497e9f48378656b9f322eae3e3bea9adffb
[NotebookApp | INFO] 302 GET /notebooks/STUFF/wet_chemistry.jpg (::1) 3.08ms
[NotebookApp | INFO] 302 GET /notebooks/STUFF/geek.jpg (::1) 14.41ms
[NotebookApp | INFO] 302 GET /notebooks/STUFF/d_design.png (::1) 2.84ms
[NotebookApp | INFO] 302 GET /notebooks/STUFF/data_coding.jpg (::1) 3.74ms
[NotebookApp | INFO] 302 GET /notebooks/STUFF/jn_logo.png (::1) 1.48ms
[NotebookApp | INFO] 302 GET /notebooks/STUFF/python_logo.png (::1) 1.51ms
[NotebookApp | INFO] 302 GET /notebooks/STUFF/winter.jpg (::1) 1.78ms
[NotebookApp | INFO] 302 GET /notebooks/STUFF/google.png (::1) 1.30ms
[NotebookApp | INFO] Kernel started: 4a673957-bba4-4259-a849-afe0523ac803
[NotebookApp | INFO] Saving file at /Introduction_to_Python_1.ipynb
[NotebookApp | INFO] Saving file at /Introduction_to_Python_1.ipynb
[NotebookApp | INFO] Starting buffering for 4a673957-bba4-4259-a849-afe0523ac803:2eb6618451484e3b8ff0264545a4dbb9
[NotebookApp | INFO] interrupted
[NotebookApp | CRITICAL] Shutdown confirmed
[NotebookApp | INFO] Shutting down 1 kernel
[NotebookApp | INFO] Kernel shutdown: 4a673957-bba4-4259-a849-afe0523ac803
[NotebookApp | WARNING] No nbgrader_config.py file found (rerun with --debug to see where nbgrader is looking)
[NotebookApp | INFO] Loading the validate_assignment nbgrader serverextension
[NotebookApp | INFO] Serving notebooks from local directory: /Users/Dan/OneDrive - University of Warwick/CH160_CodingKS/2019_2020/CH160
[NotebookApp | INFO] The Jupyter Notebook is running at:
[NotebookApp | INFO] http://localhost:8889/?token=b63d874b0377fdeb232f1ffe8bd8f5bfe88bc5e221d09594
[NotebookApp | INFO]  or http://127.0.0.1:8889/?token=b63d874b0377fdeb232f1ffe8bd8f5bfe88bc5e221d09594
[NotebookApp | INFO] Use Control-C to stop this server and shut down all kernels (twice to skip confirmation).
[NotebookApp | CRITICAL] 
    
    To access the notebook, open this file in a browser:
        file:///Users/Dan/Library/Jupyter/runtime/nbserver-7166-open.html
    Or copy and paste one of these URLs:
        http://localhost:8889/?token=b63d874b0377fdeb232f1ffe8bd8f5bfe88bc5e221d09594
     or http://127.0.0.1:8889/?token=b63d874b0377fdeb232f1ffe8bd8f5bfe88bc5e221d09594
[NotebookApp | INFO] 302 GET /notebooks/STUFF/wet_chemistry.jpg (::1) 1.09ms
[NotebookApp | INFO] 302 GET /notebooks/STUFF/geek.jpg (::1) 1.58ms
[NotebookApp | INFO] 302 GET /notebooks/STUFF/d_design.png (::1) 1.33ms
[NotebookApp | INFO] 302 GET /notebooks/STUFF/data_coding.jpg (::1) 1.35ms
[NotebookApp | INFO] 302 GET /notebooks/STUFF/jn_logo.png (::1) 1.55ms
[NotebookApp | INFO] 302 GET /notebooks/STUFF/python_logo.png (::1) 1.07ms
[NotebookApp | INFO] 302 GET /notebooks/STUFF/winter.jpg (::1) 1.50ms
[NotebookApp | INFO] 302 GET /notebooks/STUFF/google.png (::1) 1.18ms
[NotebookApp | INFO] Kernel started: e9418d7d-407f-49c1-befc-de2edee8609a
[NotebookApp | INFO] Starting buffering for e9418d7d-407f-49c1-befc-de2edee8609a:ddc51d74ec284ce5807b0647ffb01870
[NotebookApp | INFO] interrupted
[NotebookApp | CRITICAL] Shutdown confirmed
[NotebookApp | INFO] Shutting down 1 kernel
[NotebookApp | INFO] Kernel shutdown: e9418d7d-407f-49c1-befc-de2edee8609a
[NotebookApp | WARNING] No nbgrader_config.py file found (rerun with --debug to see where nbgrader is looking)
[NotebookApp | INFO] Loading the validate_assignment nbgrader serverextension
[NotebookApp | INFO] Serving notebooks from local directory: /Users/Dan/OneDrive - University of Warwick/CH160_CodingKS/2019_2020/CH160
[NotebookApp | INFO] The Jupyter Notebook is running at:
[NotebookApp | INFO] http://localhost:8889/?token=69acb015a460a63397c643b6114d478df627e5760e9badaa
[NotebookApp | INFO]  or http://127.0.0.1:8889/?token=69acb015a460a63397c643b6114d478df627e5760e9badaa
[NotebookApp | INFO] Use Control-C to stop this server and shut down all kernels (twice to skip confirmation).
[NotebookApp | CRITICAL] 
    
    To access the notebook, open this file in a browser:
        file:///Users/Dan/Library/Jupyter/runtime/nbserver-2803-open.html
    Or copy and paste one of these URLs:
        http://localhost:8889/?token=69acb015a460a63397c643b6114d478df627e5760e9badaa
     or http://127.0.0.1:8889/?token=69acb015a460a63397c643b6114d478df627e5760e9badaa
[NotebookApp | INFO] 302 GET /notebooks/STUFF/wet_chemistry.jpg (::1) 1.91ms
[NotebookApp | INFO] 302 GET /notebooks/STUFF/geek.jpg (::1) 1.97ms
[NotebookApp | INFO] 302 GET /notebooks/STUFF/d_design.png (::1) 4.77ms
[NotebookApp | INFO] 302 GET /notebooks/STUFF/data_coding.jpg (::1) 4.93ms
[NotebookApp | INFO] 302 GET /notebooks/STUFF/jn_logo.png (::1) 2.69ms
[NotebookApp | INFO] 302 GET /notebooks/STUFF/python_logo.png (::1) 1.49ms
[NotebookApp | INFO] 302 GET /notebooks/STUFF/winter.jpg (::1) 2.36ms
[NotebookApp | INFO] 302 GET /notebooks/STUFF/google.png (::1) 3.00ms
[NotebookApp | INFO] Kernel started: bb751426-6718-4235-8823-88b31cedd69d
[NotebookApp | INFO] Saving file at /Introduction_to_Python_1.ipynb
[NotebookApp | INFO] Starting buffering for bb751426-6718-4235-8823-88b31cedd69d:2369ee1ebad54a01822b585883f5bf29
[NotebookApp | INFO] interrupted
[NotebookApp | CRITICAL] Shutdown confirmed
[NotebookApp | INFO] Shutting down 1 kernel
[NotebookApp | INFO] Kernel shutdown: bb751426-6718-4235-8823-88b31cedd69d
[NotebookApp | WARNING] No nbgrader_config.py file found (rerun with --debug to see where nbgrader is looking)
[NotebookApp | INFO] Loading the validate_assignment nbgrader serverextension
[NotebookApp | INFO] Serving notebooks from local directory: /Users/Dan/OneDrive - University of Warwick/CH160_CodingKS/2019_2020/CH160
[NotebookApp | INFO] The Jupyter Notebook is running at:
[NotebookApp | INFO] http://localhost:8889/?token=459e81a1c3bcc8e708c947f837fe2b42736defc6915fda34
[NotebookApp | INFO]  or http://127.0.0.1:8889/?token=459e81a1c3bcc8e708c947f837fe2b42736defc6915fda34
[NotebookApp | INFO] Use Control-C to stop this server and shut down all kernels (twice to skip confirmation).
[NotebookApp | CRITICAL] 
    
    To access the notebook, open this file in a browser:
        file:///Users/Dan/Library/Jupyter/runtime/nbserver-2241-open.html
    Or copy and paste one of these URLs:
        http://localhost:8889/?token=459e81a1c3bcc8e708c947f837fe2b42736defc6915fda34
     or http://127.0.0.1:8889/?token=459e81a1c3bcc8e708c947f837fe2b42736defc6915fda34
[NotebookApp | INFO] 302 GET /notebooks/STUFF/wet_chemistry.jpg (::1) 2.72ms
[NotebookApp | INFO] 302 GET /notebooks/STUFF/geek.jpg (::1) 3.83ms
[NotebookApp | INFO] 302 GET /notebooks/STUFF/d_design.png (::1) 1.48ms
[NotebookApp | INFO] 302 GET /notebooks/STUFF/data_coding.jpg (::1) 1.94ms
[NotebookApp | INFO] 302 GET /notebooks/STUFF/jn_logo.png (::1) 1.58ms
[NotebookApp | INFO] 302 GET /notebooks/STUFF/python_logo.png (::1) 1.53ms
[NotebookApp | INFO] 302 GET /notebooks/STUFF/winter.jpg (::1) 1.37ms
[NotebookApp | INFO] 302 GET /notebooks/STUFF/google.png (::1) 1.97ms
[NotebookApp | INFO] Kernel started: a3c88439-61e2-44dc-8169-9148a5bc31e5
[NotebookApp | INFO] Starting buffering for a3c88439-61e2-44dc-8169-9148a5bc31e5:366651aed0b54b108c8ee9fd874905c8
[NotebookApp | INFO] interrupted
[NotebookApp | CRITICAL] Shutdown confirmed
[NotebookApp | INFO] Shutting down 1 kernel
[NotebookApp | INFO] Kernel shutdown: a3c88439-61e2-44dc-8169-9148a5bc31e5
[NotebookApp | WARNING] No nbgrader_config.py file found (rerun with --debug to see where nbgrader is looking)
[NotebookApp | INFO] Loading the validate_assignment nbgrader serverextension
[NotebookApp | INFO] Serving notebooks from local directory: /Users/Dan/OneDrive - University of Warwick/CH160_CodingKS/2019_2020/CH160
[NotebookApp | INFO] The Jupyter Notebook is running at:
[NotebookApp | INFO] http://localhost:8889/?token=0ca7c6ff444c0da011746e165f80ff2b7a64d4f71cc32a9a
[NotebookApp | INFO]  or http://127.0.0.1:8889/?token=0ca7c6ff444c0da011746e165f80ff2b7a64d4f71cc32a9a
[NotebookApp | INFO] Use Control-C to stop this server and shut down all kernels (twice to skip confirmation).
[NotebookApp | CRITICAL] 
    
    To access the notebook, open this file in a browser:
        file:///Users/Dan/Library/Jupyter/runtime/nbserver-5215-open.html
    Or copy and paste one of these URLs:
        http://localhost:8889/?token=0ca7c6ff444c0da011746e165f80ff2b7a64d4f71cc32a9a
     or http://127.0.0.1:8889/?token=0ca7c6ff444c0da011746e165f80ff2b7a64d4f71cc32a9a
[NotebookApp | INFO] 302 GET /notebooks/STUFF/wet_chemistry.jpg (::1) 2.19ms
[NotebookApp | INFO] 302 GET /notebooks/STUFF/geek.jpg (::1) 1.73ms
[NotebookApp | INFO] 302 GET /notebooks/STUFF/d_design.png (::1) 2.70ms
[NotebookApp | INFO] 302 GET /notebooks/STUFF/data_coding.jpg (::1) 3.50ms
[NotebookApp | INFO] 302 GET /notebooks/STUFF/jn_logo.png (::1) 1.89ms
[NotebookApp | INFO] 302 GET /notebooks/STUFF/python_logo.png (::1) 1.12ms
[NotebookApp | INFO] 302 GET /notebooks/STUFF/winter.jpg (::1) 2.80ms
[NotebookApp | INFO] 302 GET /notebooks/STUFF/google.png (::1) 1.32ms
[NotebookApp | INFO] Kernel started: df046cb6-dad5-41e7-aba2-d6b563d8966c
[NotebookApp | INFO] Starting buffering for df046cb6-dad5-41e7-aba2-d6b563d8966c:b8195a31bc634ca9867075186483ee47
[NotebookApp | INFO] interrupted
[NotebookApp | CRITICAL] Shutdown confirmed
[NotebookApp | INFO] Shutting down 1 kernel
[NotebookApp | INFO] Kernel shutdown: df046cb6-dad5-41e7-aba2-d6b563d8966c
[NotebookApp | WARNING] No nbgrader_config.py file found (rerun with --debug to see where nbgrader is looking)
[NotebookApp | INFO] Loading the validate_assignment nbgrader serverextension
[NotebookApp | INFO] Serving notebooks from local directory: /Users/Dan/OneDrive - University of Warwick/CH160_CodingKS/2019_2020/CH160
[NotebookApp | INFO] The Jupyter Notebook is running at:
[NotebookApp | INFO] http://localhost:8889/?token=2959f8f6800fa176a3117ce17023ab90025581d0da7562b3
[NotebookApp | INFO]  or http://127.0.0.1:8889/?token=2959f8f6800fa176a3117ce17023ab90025581d0da7562b3
[NotebookApp | INFO] Use Control-C to stop this server and shut down all kernels (twice to skip confirmation).
[NotebookApp | CRITICAL] 
    
    To access the notebook, open this file in a browser:
        file:///Users/Dan/Library/Jupyter/runtime/nbserver-7840-open.html
    Or copy and paste one of these URLs:
        http://localhost:8889/?token=2959f8f6800fa176a3117ce17023ab90025581d0da7562b3
     or http://127.0.0.1:8889/?token=2959f8f6800fa176a3117ce17023ab90025581d0da7562b3
[NotebookApp | INFO] 302 GET /notebooks/STUFF/wet_chemistry.jpg (::1) 1.06ms
[NotebookApp | INFO] 302 GET /notebooks/STUFF/geek.jpg (::1) 1.71ms
[NotebookApp | INFO] 302 GET /notebooks/STUFF/d_design.png (::1) 0.98ms
[NotebookApp | INFO] 302 GET /notebooks/STUFF/data_coding.jpg (::1) 1.07ms
[NotebookApp | INFO] 302 GET /notebooks/STUFF/jn_logo.png (::1) 2.77ms
[NotebookApp | INFO] 302 GET /notebooks/STUFF/python_logo.png (::1) 1.07ms
[NotebookApp | INFO] 302 GET /notebooks/STUFF/winter.jpg (::1) 2.99ms
[NotebookApp | INFO] 302 GET /notebooks/STUFF/google.png (::1) 0.96ms
[NotebookApp | INFO] Kernel started: 1684a603-d993-4197-b5bd-bd84b2c19f74
[NotebookApp | INFO] Starting buffering for 1684a603-d993-4197-b5bd-bd84b2c19f74:14a2e36bfa68452f8b7a06bb45b2f816
[NotebookApp | INFO] interrupted
[NotebookApp | CRITICAL] Shutdown confirmed
[NotebookApp | INFO] Shutting down 1 kernel
[NotebookApp | INFO] Kernel shutdown: 1684a603-d993-4197-b5bd-bd84b2c19f74
[NotebookApp | WARNING] No nbgrader_config.py file found (rerun with --debug to see where nbgrader is looking)
[NotebookApp | INFO] Loading the validate_assignment nbgrader serverextension
[NotebookApp | INFO] Serving notebooks from local directory: /Users/Dan/OneDrive - University of Warwick/CH160_CodingKS/2019_2020/CH160
[NotebookApp | INFO] The Jupyter Notebook is running at:
[NotebookApp | INFO] http://localhost:8889/?token=87c0b6afd3a03b30362fe497479af9234fe300ee01a0e99c
[NotebookApp | INFO]  or http://127.0.0.1:8889/?token=87c0b6afd3a03b30362fe497479af9234fe300ee01a0e99c
[NotebookApp | INFO] Use Control-C to stop this server and shut down all kernels (twice to skip confirmation).
[NotebookApp | CRITICAL] 
    
    To access the notebook, open this file in a browser:
        file:///Users/Dan/Library/Jupyter/runtime/nbserver-6189-open.html
    Or copy and paste one of these URLs:
        http://localhost:8889/?token=87c0b6afd3a03b30362fe497479af9234fe300ee01a0e99c
     or http://127.0.0.1:8889/?token=87c0b6afd3a03b30362fe497479af9234fe300ee01a0e99c
[NotebookApp | WARNING] Notebook Introduction_to_Python_3.ipynb is not trusted
[NotebookApp | INFO] 302 GET /notebooks/STUFF/vol_3.jpg (::1) 1.02ms
[NotebookApp | INFO] 302 GET /notebooks/STUFF/mc.png (::1) 1.53ms
[NotebookApp | INFO] 302 GET /notebooks/STUFF/casino.png (::1) 1.23ms
[NotebookApp | INFO] Kernel started: 2aec7aad-6d8e-422a-b8ce-07a1317f0038
[NotebookApp | INFO] Saving file at /Introduction_to_Python_3.ipynb
[NotebookApp | WARNING] Notebook Introduction_to_Python_3.ipynb is not trusted
[NotebookApp | INFO] 302 GET /notebooks/STUFF/vol_3.jpg (::1) 1.04ms
[NotebookApp | INFO] Starting buffering for 2aec7aad-6d8e-422a-b8ce-07a1317f0038:d2884a3d9ac74b44ad40f3139895472a
[NotebookApp | INFO] interrupted
[NotebookApp | CRITICAL] Shutdown confirmed
[NotebookApp | INFO] Shutting down 1 kernel
[NotebookApp | INFO] Kernel shutdown: 2aec7aad-6d8e-422a-b8ce-07a1317f0038
